{
  "stats": {
    "suites": 1,
    "tests": 7,
    "passes": 7,
    "pending": 0,
    "failures": 0,
    "testsRegistered": 7,
    "passPercent": 100,
    "pendingPercent": 0,
    "other": 0,
    "hasOther": false,
    "skipped": 0,
    "hasSkipped": false,
    "start": "2024-05-24T07:19:42.423Z",
    "end": "2024-05-24T07:19:49.142Z",
    "duration": 6719
  },
  "results": [
    {
      "uuid": "ed44568c-1ce9-4111-8379-ef7e779ec000",
      "title": "",
      "fullFile": "cypress/e2e/TaskTestCases.cy.js",
      "file": "cypress/e2e/TaskTestCases.cy.js",
      "beforeHooks": [],
      "afterHooks": [],
      "tests": [],
      "suites": [
        {
          "uuid": "500767e8-5658-4f05-88a2-27da097f5e98",
          "title": "Test Cases for Task Home Page",
          "fullFile": "",
          "file": "",
          "beforeHooks": [],
          "afterHooks": [],
          "tests": [
            {
              "title": "Dropdown Test",
              "fullTitle": "Test Cases for Task Home Page Dropdown Test",
              "timedOut": null,
              "duration": 2351,
              "state": "passed",
              "speed": "fast",
              "pass": true,
              "fail": false,
              "pending": false,
              "context": null,
              "code": "homePage.dropDownBtn.should(\"be.visible\").and(\"be.enabled\");\nhomePage.dropDownBtn.select(\"Option1\").should(\"have.value\", \"option1\");\nhomePage.dropDownBtn.find(\"option\").should(\"have.length\", 3);",
              "err": {},
              "uuid": "79c24bf6-7c00-4a2c-b2ce-ce10d1556ac7",
              "parentUUID": "500767e8-5658-4f05-88a2-27da097f5e98",
              "isHook": false,
              "skipped": false
            },
            {
              "title": "Upload Image Test",
              "fullTitle": "Test Cases for Task Home Page Upload Image Test",
              "timedOut": null,
              "duration": 511,
              "state": "passed",
              "speed": "fast",
              "pass": true,
              "fail": false,
              "pending": false,
              "context": null,
              "code": "const uploadedImage = data.uploadedImage;\nhomePage.chooseFileBtn.should(\"be.enabled\").and(\"be.visible\");\nhomePage.uploadFile(uploadedImage);\nhomePage.uploadedImage.should(\"have.attr\", \"src\");",
              "err": {},
              "uuid": "8080a1f1-4581-4731-8f9d-1557a3b30cff",
              "parentUUID": "500767e8-5658-4f05-88a2-27da097f5e98",
              "isHook": false,
              "skipped": false
            },
            {
              "title": "Open New Tab Test",
              "fullTitle": "Test Cases for Task Home Page Open New Tab Test",
              "timedOut": null,
              "duration": 1115,
              "state": "passed",
              "speed": "fast",
              "pass": true,
              "fail": false,
              "pending": false,
              "context": null,
              "code": "const url = data.openNewtab;\ncy.getNewTabUrl(homePage.openNewTabBtn);\ncy.get(\"@windowOpen\").should(\"have.been.called\");\ncy.url().should(\"eq\", url);",
              "err": {},
              "uuid": "a1ae9ca3-511a-42ab-9b0d-4699dd2e5b2d",
              "parentUUID": "500767e8-5658-4f05-88a2-27da097f5e98",
              "isHook": false,
              "skipped": false
            },
            {
              "title": "Alert Test",
              "fullTitle": "Test Cases for Task Home Page Alert Test",
              "timedOut": null,
              "duration": 704,
              "state": "passed",
              "speed": "fast",
              "pass": true,
              "fail": false,
              "pending": false,
              "context": null,
              "code": "const filePath = data.filePath;\nconst expectedAlertText = data.alertText;\ncy.task(\"readFile\", {\n  filePath\n}).then(fileContent => {\n  expect(fileContent).to.include(expectedAlertText);\n});",
              "err": {},
              "uuid": "88d7695a-5a33-4acf-9812-22ec231807f1",
              "parentUUID": "500767e8-5658-4f05-88a2-27da097f5e98",
              "isHook": false,
              "skipped": false
            },
            {
              "title": "Hide and Show Button Test",
              "fullTitle": "Test Cases for Task Home Page Hide and Show Button Test",
              "timedOut": null,
              "duration": 873,
              "state": "passed",
              "speed": "fast",
              "pass": true,
              "fail": false,
              "pending": false,
              "context": null,
              "code": "const name = data.name;\ncy.hideTest(name);\nhomePage.showHideInputField.should(\"not.visible\");\nhomePage.showBtn.click();\nhomePage.showHideInputField.should(\"be.visible\");",
              "err": {},
              "uuid": "2b5180ef-fe2a-4618-9e74-146b116aa81b",
              "parentUUID": "500767e8-5658-4f05-88a2-27da097f5e98",
              "isHook": false,
              "skipped": false
            },
            {
              "title": "Hover Test",
              "fullTitle": "Test Cases for Task Home Page Hover Test",
              "timedOut": null,
              "duration": 611,
              "state": "passed",
              "speed": "fast",
              "pass": true,
              "fail": false,
              "pending": false,
              "context": null,
              "code": "const {\n  hList\n} = data.mouseHover;\nhomePage.mouseHoverBtn.trigger(\"mouseover\");\nhList.forEach((option, index) => {\n  homePage.listOfHoverEl.eq(index).should(\"be.visible\").and(\"have.text\", option);\n});",
              "err": {},
              "uuid": "7dc0b202-6fa4-4210-a5ff-db96d66bc313",
              "parentUUID": "500767e8-5658-4f05-88a2-27da097f5e98",
              "isHook": false,
              "skipped": false
            },
            {
              "title": "iFrame Test",
              "fullTitle": "Test Cases for Task Home Page iFrame Test",
              "timedOut": null,
              "duration": 508,
              "state": "passed",
              "speed": "fast",
              "pass": true,
              "fail": false,
              "pending": false,
              "context": null,
              "code": "const {\n  tabs\n} = data.iframe;\nhomePage.iframe.then($iframe => {\n  const body = $iframe.contents().find(\"body\");\n  cy.wrap(body).as(\"iframe\");\n});\ncy.get(\"@iframe\").find(\"#menu-item-100599\").should(\"be.visible\");\ncy.get(\"@iframe\").each(($el, index, list) => {\n  cy.wrap($el).invoke(\"text\").should(\"contain\", tabs[index]);\n});",
              "err": {},
              "uuid": "b5914670-b988-48f2-8908-a4f355d7d7ef",
              "parentUUID": "500767e8-5658-4f05-88a2-27da097f5e98",
              "isHook": false,
              "skipped": false
            }
          ],
          "suites": [],
          "passes": [
            "79c24bf6-7c00-4a2c-b2ce-ce10d1556ac7",
            "8080a1f1-4581-4731-8f9d-1557a3b30cff",
            "a1ae9ca3-511a-42ab-9b0d-4699dd2e5b2d",
            "88d7695a-5a33-4acf-9812-22ec231807f1",
            "2b5180ef-fe2a-4618-9e74-146b116aa81b",
            "7dc0b202-6fa4-4210-a5ff-db96d66bc313",
            "b5914670-b988-48f2-8908-a4f355d7d7ef"
          ],
          "failures": [],
          "pending": [],
          "skipped": [],
          "duration": 6673,
          "root": false,
          "rootEmpty": false,
          "_timeout": 2000
        }
      ],
      "passes": [],
      "failures": [],
      "pending": [],
      "skipped": [],
      "duration": 0,
      "root": true,
      "rootEmpty": true,
      "_timeout": 2000
    }
  ],
  "meta": {
    "mocha": {
      "version": "7.0.1"
    },
    "mochawesome": {
      "options": {
        "quiet": false,
        "reportFilename": "mochawesome",
        "saveHtml": false,
        "saveJson": true,
        "consoleReporter": "spec",
        "useInlineDiffs": false,
        "code": true
      },
      "version": "7.1.3"
    },
    "marge": {
      "options": {
        "id": "default",
        "reportDir": "cypress/results/mochawesome",
        "quite": true,
        "overwrite": false,
        "html": false,
        "json": true
      },
      "version": "6.2.0"
    }
  }
}