{
  "stats": {
    "suites": 1,
    "tests": 7,
    "passes": 7,
    "pending": 0,
    "failures": 0,
    "testsRegistered": 7,
    "passPercent": 100,
    "pendingPercent": 0,
    "other": 0,
    "hasOther": false,
    "skipped": 0,
    "hasSkipped": false,
    "start": "2024-05-24T07:36:38.031Z",
    "end": "2024-05-24T07:36:46.248Z",
    "duration": 8217
  },
  "results": [
    {
      "uuid": "65c93038-7b9f-4403-9e99-5dbd97cd1160",
      "title": "",
      "fullFile": "cypress/e2e/TaskTestCases.cy.js",
      "file": "cypress/e2e/TaskTestCases.cy.js",
      "beforeHooks": [],
      "afterHooks": [],
      "tests": [],
      "suites": [
        {
          "uuid": "1de0eaf5-ed29-4366-b2c9-9d3c0826ff13",
          "title": "Test Cases for Task Home Page",
          "fullFile": "",
          "file": "",
          "beforeHooks": [],
          "afterHooks": [],
          "tests": [
            {
              "title": "Dropdown Test",
              "fullTitle": "Test Cases for Task Home Page Dropdown Test",
              "timedOut": null,
              "duration": 2799,
              "state": "passed",
              "speed": "fast",
              "pass": true,
              "fail": false,
              "pending": false,
              "context": null,
              "code": "homePage.dropDownBtn.should(\"be.visible\").and(\"be.enabled\");\nhomePage.dropDownBtn.select(\"Option1\").should(\"have.value\", \"option1\");\nhomePage.dropDownBtn.find(\"option\").should(\"have.length\", 3);",
              "err": {},
              "uuid": "9a8c25eb-9566-4890-884f-e872ed6394c5",
              "parentUUID": "1de0eaf5-ed29-4366-b2c9-9d3c0826ff13",
              "isHook": false,
              "skipped": false
            },
            {
              "title": "Upload Image Test",
              "fullTitle": "Test Cases for Task Home Page Upload Image Test",
              "timedOut": null,
              "duration": 715,
              "state": "passed",
              "speed": "fast",
              "pass": true,
              "fail": false,
              "pending": false,
              "context": null,
              "code": "const uploadedImage = data.uploadedImage;\nhomePage.chooseFileBtn.should(\"be.enabled\").and(\"be.visible\");\nhomePage.uploadFile(uploadedImage);\nhomePage.uploadedImage.should(\"have.attr\", \"src\");",
              "err": {},
              "uuid": "8db9e7c5-a6b5-452f-a8d9-a638561829b8",
              "parentUUID": "1de0eaf5-ed29-4366-b2c9-9d3c0826ff13",
              "isHook": false,
              "skipped": false
            },
            {
              "title": "Open New Tab Test",
              "fullTitle": "Test Cases for Task Home Page Open New Tab Test",
              "timedOut": null,
              "duration": 1390,
              "state": "passed",
              "speed": "fast",
              "pass": true,
              "fail": false,
              "pending": false,
              "context": null,
              "code": "const url = data.openNewtab;\ncy.getNewTabUrl(homePage.openNewTabBtn);\ncy.get(\"@windowOpen\").should(\"have.been.called\");\ncy.url().should(\"eq\", url);",
              "err": {},
              "uuid": "4dabf628-00dd-4182-a388-78fc7f532eb1",
              "parentUUID": "1de0eaf5-ed29-4366-b2c9-9d3c0826ff13",
              "isHook": false,
              "skipped": false
            },
            {
              "title": "Alert Test",
              "fullTitle": "Test Cases for Task Home Page Alert Test",
              "timedOut": null,
              "duration": 907,
              "state": "passed",
              "speed": "fast",
              "pass": true,
              "fail": false,
              "pending": false,
              "context": null,
              "code": "const filePath = data.filePath;\nconst expectedAlertText = data.alertText;\ncy.task(\"readFile\", {\n  filePath\n}).then(fileContent => {\n  expect(fileContent).to.include(expectedAlertText);\n});",
              "err": {},
              "uuid": "571ec6be-ccb2-4dcc-bf60-d9b74270c268",
              "parentUUID": "1de0eaf5-ed29-4366-b2c9-9d3c0826ff13",
              "isHook": false,
              "skipped": false
            },
            {
              "title": "Hide and Show Button Test",
              "fullTitle": "Test Cases for Task Home Page Hide and Show Button Test",
              "timedOut": null,
              "duration": 907,
              "state": "passed",
              "speed": "fast",
              "pass": true,
              "fail": false,
              "pending": false,
              "context": null,
              "code": "const name = data.name;\ncy.hideTest(name);\nhomePage.showHideInputField.should(\"not.visible\");\nhomePage.showBtn.click();\nhomePage.showHideInputField.should(\"be.visible\");",
              "err": {},
              "uuid": "4e87137a-0e7d-44cd-b5c3-8e806f7e1e4f",
              "parentUUID": "1de0eaf5-ed29-4366-b2c9-9d3c0826ff13",
              "isHook": false,
              "skipped": false
            },
            {
              "title": "Hover Test",
              "fullTitle": "Test Cases for Task Home Page Hover Test",
              "timedOut": null,
              "duration": 748,
              "state": "passed",
              "speed": "fast",
              "pass": true,
              "fail": false,
              "pending": false,
              "context": null,
              "code": "const {\n  hList\n} = data.mouseHover;\nhomePage.mouseHoverBtn.trigger(\"mouseover\");\nhList.forEach((option, index) => {\n  homePage.listOfHoverEl.eq(index).should(\"be.visible\").and(\"have.text\", option);\n});",
              "err": {},
              "uuid": "99d65b15-0766-4814-aaac-8c18243ba06d",
              "parentUUID": "1de0eaf5-ed29-4366-b2c9-9d3c0826ff13",
              "isHook": false,
              "skipped": false
            },
            {
              "title": "iFrame Test",
              "fullTitle": "Test Cases for Task Home Page iFrame Test",
              "timedOut": null,
              "duration": 680,
              "state": "passed",
              "speed": "fast",
              "pass": true,
              "fail": false,
              "pending": false,
              "context": null,
              "code": "const {\n  tabs\n} = data.iframe;\ncy.getIframeBody(\"iframe\").within(() => {\n  tabs.forEach(tabText => {\n    cy.contains(tabText).should(\"be.visible\").and(\"not.be.disabled\");\n  });\n});",
              "err": {},
              "uuid": "f78e8fc2-bd7a-433f-89c9-d31eb5ee8f59",
              "parentUUID": "1de0eaf5-ed29-4366-b2c9-9d3c0826ff13",
              "isHook": false,
              "skipped": false
            }
          ],
          "suites": [],
          "passes": [
            "9a8c25eb-9566-4890-884f-e872ed6394c5",
            "8db9e7c5-a6b5-452f-a8d9-a638561829b8",
            "4dabf628-00dd-4182-a388-78fc7f532eb1",
            "571ec6be-ccb2-4dcc-bf60-d9b74270c268",
            "4e87137a-0e7d-44cd-b5c3-8e806f7e1e4f",
            "99d65b15-0766-4814-aaac-8c18243ba06d",
            "f78e8fc2-bd7a-433f-89c9-d31eb5ee8f59"
          ],
          "failures": [],
          "pending": [],
          "skipped": [],
          "duration": 8146,
          "root": false,
          "rootEmpty": false,
          "_timeout": 2000
        }
      ],
      "passes": [],
      "failures": [],
      "pending": [],
      "skipped": [],
      "duration": 0,
      "root": true,
      "rootEmpty": true,
      "_timeout": 2000
    }
  ],
  "meta": {
    "mocha": {
      "version": "7.0.1"
    },
    "mochawesome": {
      "options": {
        "quiet": false,
        "reportFilename": "mochawesome",
        "saveHtml": false,
        "saveJson": true,
        "consoleReporter": "spec",
        "useInlineDiffs": false,
        "code": true
      },
      "version": "7.1.3"
    },
    "marge": {
      "options": {
        "id": "default",
        "reportDir": "cypress/results/mochawesome",
        "quite": true,
        "overwrite": false,
        "html": false,
        "json": true
      },
      "version": "6.2.0"
    }
  }
}