{
  "stats": {
    "suites": 1,
    "tests": 7,
    "passes": 7,
    "pending": 0,
    "failures": 0,
    "start": "2024-05-23T18:11:51.859Z",
    "end": "2024-05-23T18:12:02.632Z",
    "duration": 10773,
    "testsRegistered": 7,
    "passPercent": 100,
    "pendingPercent": 0,
    "other": 0,
    "hasOther": false,
    "skipped": 0,
    "hasSkipped": false
  },
  "results": [
    {
      "uuid": "87e200a4-368c-4f65-9f15-e9b4c4f72814",
      "title": "",
      "fullFile": "cypress/e2e/TaskTestCases.cy.js",
      "file": "cypress/e2e/TaskTestCases.cy.js",
      "beforeHooks": [],
      "afterHooks": [],
      "tests": [],
      "suites": [
        {
          "uuid": "61bad8f1-da27-4038-9264-9ba1cddffacc",
          "title": "Test Cases for Task Home Page",
          "fullFile": "",
          "file": "",
          "beforeHooks": [],
          "afterHooks": [],
          "tests": [
            {
              "title": "Dropdown Test",
              "fullTitle": "Test Cases for Task Home Page Dropdown Test",
              "timedOut": null,
              "duration": 3710,
              "state": "passed",
              "speed": "fast",
              "pass": true,
              "fail": false,
              "pending": false,
              "context": null,
              "code": "homePage.dropDownBtn.should(\"be.visible\").and(\"be.enabled\");\nhomePage.dropDownBtn.select(\"Option1\").should(\"have.value\", \"option1\");\nhomePage.dropDownBtn.find(\"option\").should(\"have.length\", 3);",
              "err": {},
              "uuid": "ca106e3f-e072-4a62-88ee-2a5e8fbe98af",
              "parentUUID": "61bad8f1-da27-4038-9264-9ba1cddffacc",
              "isHook": false,
              "skipped": false
            },
            {
              "title": "Upload Image Test",
              "fullTitle": "Test Cases for Task Home Page Upload Image Test",
              "timedOut": null,
              "duration": 688,
              "state": "passed",
              "speed": "fast",
              "pass": true,
              "fail": false,
              "pending": false,
              "context": null,
              "code": "const uploadedImage = data.uploadedImage;\nhomePage.chooseFileBtn.should(\"be.enabled\");\nhomePage.uploadFile(uploadedImage);\nhomePage.uploadedImage.should(\"have.attr\", \"src\").and(\"include\", \"blob\");",
              "err": {},
              "uuid": "6c4df5f7-5993-4d0b-8fdc-73dd6ef51478",
              "parentUUID": "61bad8f1-da27-4038-9264-9ba1cddffacc",
              "isHook": false,
              "skipped": false
            },
            {
              "title": "Open New Tab Test",
              "fullTitle": "Test Cases for Task Home Page Open New Tab Test",
              "timedOut": null,
              "duration": 2058,
              "state": "passed",
              "speed": "fast",
              "pass": true,
              "fail": false,
              "pending": false,
              "context": null,
              "code": "cy.getNewTabUrl(\"#opentab\");",
              "err": {},
              "uuid": "2fceae29-e907-4ce1-834c-bbbab8676844",
              "parentUUID": "61bad8f1-da27-4038-9264-9ba1cddffacc",
              "isHook": false,
              "skipped": false
            },
            {
              "title": "Alert Test",
              "fullTitle": "Test Cases for Task Home Page Alert Test",
              "timedOut": null,
              "duration": 1515,
              "state": "passed",
              "speed": "fast",
              "pass": true,
              "fail": false,
              "pending": false,
              "context": null,
              "code": "const name = data.name;\ncy.alertAlertBtn(name);\ncy.alertConfirmBtn(name);",
              "err": {},
              "uuid": "addb55d7-f4e9-4264-a97a-924b70850e5d",
              "parentUUID": "61bad8f1-da27-4038-9264-9ba1cddffacc",
              "isHook": false,
              "skipped": false
            },
            {
              "title": "Hide and Show Button Test",
              "fullTitle": "Test Cases for Task Home Page Hide and Show Button Test",
              "timedOut": null,
              "duration": 1255,
              "state": "passed",
              "speed": "fast",
              "pass": true,
              "fail": false,
              "pending": false,
              "context": null,
              "code": "const name = data.name;\ncy.hideTest(name);\nhomePage.showHideInputField.should(\"not.visible\");\nhomePage.showBtn.click();\nhomePage.showHideInputField.should(\"be.visible\");",
              "err": {},
              "uuid": "96cb6c35-615f-40b7-b095-3fe3173f755d",
              "parentUUID": "61bad8f1-da27-4038-9264-9ba1cddffacc",
              "isHook": false,
              "skipped": false
            },
            {
              "title": "Hover Test",
              "fullTitle": "Test Cases for Task Home Page Hover Test",
              "timedOut": null,
              "duration": 740,
              "state": "passed",
              "speed": "fast",
              "pass": true,
              "fail": false,
              "pending": false,
              "context": null,
              "code": "const {\n  hList\n} = data.mouseHover;\nhomePage.mouseHoverBtn.trigger(\"mouseover\");\nhList.forEach((option, index) => {\n  homePage.listOfHoverEl.eq(index).should(\"be.visible\").and(\"have.text\", option);\n});",
              "err": {},
              "uuid": "d9beffd1-79dc-4330-9da9-e474ec1b07e7",
              "parentUUID": "61bad8f1-da27-4038-9264-9ba1cddffacc",
              "isHook": false,
              "skipped": false
            },
            {
              "title": "iFrame Test",
              "fullTitle": "Test Cases for Task Home Page iFrame Test",
              "timedOut": null,
              "duration": 735,
              "state": "passed",
              "speed": "fast",
              "pass": true,
              "fail": false,
              "pending": false,
              "context": null,
              "code": "homePage.iframe.then($iframe => {\n  const body = $iframe.contents().find(\"body\");\n  cy.wrap(body).as(\"iframe\");\n});\ncy.get(\"@iframe\").find(\"#menu-item-100599\").should(\"be.visible\");",
              "err": {},
              "uuid": "04a3469e-113e-40a0-a2fd-dc3fd557ceea",
              "parentUUID": "61bad8f1-da27-4038-9264-9ba1cddffacc",
              "isHook": false,
              "skipped": false
            }
          ],
          "suites": [],
          "passes": [
            "ca106e3f-e072-4a62-88ee-2a5e8fbe98af",
            "6c4df5f7-5993-4d0b-8fdc-73dd6ef51478",
            "2fceae29-e907-4ce1-834c-bbbab8676844",
            "addb55d7-f4e9-4264-a97a-924b70850e5d",
            "96cb6c35-615f-40b7-b095-3fe3173f755d",
            "d9beffd1-79dc-4330-9da9-e474ec1b07e7",
            "04a3469e-113e-40a0-a2fd-dc3fd557ceea"
          ],
          "failures": [],
          "pending": [],
          "skipped": [],
          "duration": 10701,
          "root": false,
          "rootEmpty": false,
          "_timeout": 2000
        }
      ],
      "passes": [],
      "failures": [],
      "pending": [],
      "skipped": [],
      "duration": 0,
      "root": true,
      "rootEmpty": true,
      "_timeout": 2000
    }
  ],
  "meta": {
    "mocha": {
      "version": "7.0.1"
    },
    "mochawesome": {
      "options": {
        "quiet": false,
        "reportFilename": "mochawesome",
        "saveHtml": false,
        "saveJson": true,
        "consoleReporter": "spec",
        "useInlineDiffs": false,
        "code": true
      },
      "version": "7.1.3"
    },
    "marge": {
      "options": {
        "id": "default",
        "reportDir": "cypress/results/mochawesome",
        "quite": true,
        "overwrite": false,
        "html": false,
        "json": true
      },
      "version": "6.2.0"
    }
  }
}